<?xml version="1.0" encoding="UTF-8"?>
<testsuite xmlns:xsi="http://www.w3.org/2001/XMLSchema-instance" xsi:noNamespaceSchemaLocation="https://maven.apache.org/surefire/maven-failsafe-plugin/xsd/failsafe-test-report.xsd" name="upcschool.oscommerce.test.ShoppingTest" time="17.652" tests="2" errors="0" skipped="0" failures="0">
  <properties>
[...]
</properties>
  <testcase name="test1" classname="upcschool.oscommerce.test.ShoppingTest" time="8.353"/>
  <testcase name="test2" classname="upcschool.oscommerce.test.ShoppingTest" time="9.217"/>
</testsuite>